<?xml version="1.0" encoding="UTF-8" ?>
<testsuite tests="85" failures="0" name="com.computerdatabase.webautomation.runner.RunFeaturesTest" time="11.4" errors="0" skipped="0">
  <properties>
[...]
</properties>
  <testcase classname="| AMSKLpnarava123 | 2018-12-12 | 2017-10-01 | IBM | Be |" name="Given Computer database portal is open" time="0.001"/>
  <testcase classname="| AMSKLpnarava123 | 2018-12-12 | 2017-10-01 | IBM | Be |" name="When User clicks on Add a new computer button" time="0"/>
  <testcase classname="| AMSKLpnarava123 | 2018-12-12 | 2017-10-01 | IBM | Be |" name="Then Add Computer page should be opened" time="0"/>
  <testcase classname="| AMSKLpnarava123 | 2018-12-12 | 2017-10-01 | IBM | Be |" name="When User fills in &quot;AMSKLpnarava123&quot;" time="0"/>
  <testcase classname="| AMSKLpnarava123 | 2018-12-12 | 2017-10-01 | IBM | Be |" name="And Introduced Date is entered as &quot;2018-12-12&quot;" time="0"/>
  <testcase classname="| AMSKLpnarava123 | 2018-12-12 | 2017-10-01 | IBM | Be |" name="And Discontinued date is entered as &quot;2017-10-01&quot;" time="0"/>
  <testcase classname="| AMSKLpnarava123 | 2018-12-12 | 2017-10-01 | IBM | Be |" name="And Company name is selected as &quot;IBM&quot;" time="0"/>
  <testcase classname="| AMSKLpnarava123 | 2018-12-12 | 2017-10-01 | IBM | Be |" name="When User clicks on Create this computer Button" time="0"/>
  <testcase classname="| AMSKLpnarava123 | 2018-12-12 | 2017-10-01 | IBM | Be |" name="Then Create computer should &quot;Be&quot; successful" time="0"/>
  <testcase classname="| AMSKLpnarava123 | 2018-12-12 | 2017-10-01 | IBM | Be |" name="| AMSKLpnarava123 | 2018-12-12 | 2017-10-01 | IBM | Be |" time="0.801"/>
  <testcase classname="| AMSKLpnarava321 |  | 2017-10-01 | Xerox | Be |" name="Given Computer database portal is open" time="0"/>
  <testcase classname="| AMSKLpnarava321 |  | 2017-10-01 | Xerox | Be |" name="When User clicks on Add a new computer button" time="0"/>
  <testcase classname="| AMSKLpnarava321 |  | 2017-10-01 | Xerox | Be |" name="Then Add Computer page should be opened" time="0"/>
  <testcase classname="| AMSKLpnarava321 |  | 2017-10-01 | Xerox | Be |" name="When User fills in &quot;AMSKLpnarava321&quot;" time="0"/>
  <testcase classname="| AMSKLpnarava321 |  | 2017-10-01 | Xerox | Be |" name="And Introduced Date is entered as &quot;&quot;" time="0"/>
  <testcase classname="| AMSKLpnarava321 |  | 2017-10-01 | Xerox | Be |" name="And Discontinued date is entered as &quot;2017-10-01&quot;" time="0"/>
  <testcase classname="| AMSKLpnarava321 |  | 2017-10-01 | Xerox | Be |" name="And Company name is selected as &quot;Xerox&quot;" time="0"/>
  <testcase classname="| AMSKLpnarava321 |  | 2017-10-01 | Xerox | Be |" name="When User clicks on Create this computer Button" time="0"/>
  <testcase classname="| AMSKLpnarava321 |  | 2017-10-01 | Xerox | Be |" name="Then Create computer should &quot;Be&quot; successful" time="0"/>
  <testcase classname="| AMSKLpnarava321 |  | 2017-10-01 | Xerox | Be |" name="| AMSKLpnarava321 |  | 2017-10-01 | Xerox | Be |" time="0.798"/>
  <testcase classname="| AMSKLpnarava456 | 2015-03-04 |  | Xerox | Be |" name="Given Computer database portal is open" time="0"/>
  <testcase classname="| AMSKLpnarava456 | 2015-03-04 |  | Xerox | Be |" name="When User clicks on Add a new computer button" time="0"/>
  <testcase classname="| AMSKLpnarava456 | 2015-03-04 |  | Xerox | Be |" name="Then Add Computer page should be opened" time="0"/>
  <testcase classname="| AMSKLpnarava456 | 2015-03-04 |  | Xerox | Be |" name="When User fills in &quot;AMSKLpnarava456&quot;" time="0"/>
  <testcase classname="| AMSKLpnarava456 | 2015-03-04 |  | Xerox | Be |" name="And Introduced Date is entered as &quot;2015-03-04&quot;" time="0"/>
  <testcase classname="| AMSKLpnarava456 | 2015-03-04 |  | Xerox | Be |" name="And Discontinued date is entered as &quot;&quot;" time="0"/>
  <testcase classname="| AMSKLpnarava456 | 2015-03-04 |  | Xerox | Be |" name="And Company name is selected as &quot;Xerox&quot;" time="0"/>
  <testcase classname="| AMSKLpnarava456 | 2015-03-04 |  | Xerox | Be |" name="When User clicks on Create this computer Button" time="0"/>
  <testcase classname="| AMSKLpnarava456 | 2015-03-04 |  | Xerox | Be |" name="Then Create computer should &quot;Be&quot; successful" time="0"/>
  <testcase classname="| AMSKLpnarava456 | 2015-03-04 |  | Xerox | Be |" name="| AMSKLpnarava456 | 2015-03-04 |  | Xerox | Be |" time="0.797"/>
  <testcase classname="| Bahubali | 2015-03-04 | 2017-10-01 | -- Choose a company -- | Be |" name="Given Computer database portal is open" time="0"/>
  <testcase classname="| Bahubali | 2015-03-04 | 2017-10-01 | -- Choose a company -- | Be |" name="When User clicks on Add a new computer button" time="0"/>
  <testcase classname="| Bahubali | 2015-03-04 | 2017-10-01 | -- Choose a company -- | Be |" name="Then Add Computer page should be opened" time="0"/>
  <testcase classname="| Bahubali | 2015-03-04 | 2017-10-01 | -- Choose a company -- | Be |" name="When User fills in &quot;Bahubali&quot;" time="0"/>
  <testcase classname="| Bahubali | 2015-03-04 | 2017-10-01 | -- Choose a company -- | Be |" name="And Introduced Date is entered as &quot;2015-03-04&quot;" time="0"/>
  <testcase classname="| Bahubali | 2015-03-04 | 2017-10-01 | -- Choose a company -- | Be |" name="And Discontinued date is entered as &quot;2017-10-01&quot;" time="0"/>
  <testcase classname="| Bahubali | 2015-03-04 | 2017-10-01 | -- Choose a company -- | Be |" name="And Company name is selected as &quot;-- Choose a company --&quot;" time="0"/>
  <testcase classname="| Bahubali | 2015-03-04 | 2017-10-01 | -- Choose a company -- | Be |" name="When User clicks on Create this computer Button" time="0"/>
  <testcase classname="| Bahubali | 2015-03-04 | 2017-10-01 | -- Choose a company -- | Be |" name="Then Create computer should &quot;Be&quot; successful" time="0"/>
  <testcase classname="| Bahubali | 2015-03-04 | 2017-10-01 | -- Choose a company -- | Be |" name="| Bahubali | 2015-03-04 | 2017-10-01 | -- Choose a company -- | Be |" time="0.797"/>
  <testcase classname="| Mac45321 | 13-12-10 | 22-10-01 | Xerox | Be |" name="Given Computer database portal is open" time="0"/>
  <testcase classname="| Mac45321 | 13-12-10 | 22-10-01 | Xerox | Be |" name="When User clicks on Add a new computer button" time="0"/>
  <testcase classname="| Mac45321 | 13-12-10 | 22-10-01 | Xerox | Be |" name="Then Add Computer page should be opened" time="0"/>
  <testcase classname="| Mac45321 | 13-12-10 | 22-10-01 | Xerox | Be |" name="When User fills in &quot;Mac45321&quot;" time="0"/>
  <testcase classname="| Mac45321 | 13-12-10 | 22-10-01 | Xerox | Be |" name="And Introduced Date is entered as &quot;13-12-10&quot;" time="0"/>
  <testcase classname="| Mac45321 | 13-12-10 | 22-10-01 | Xerox | Be |" name="And Discontinued date is entered as &quot;22-10-01&quot;" time="0"/>
  <testcase classname="| Mac45321 | 13-12-10 | 22-10-01 | Xerox | Be |" name="And Company name is selected as &quot;Xerox&quot;" time="0"/>
  <testcase classname="| Mac45321 | 13-12-10 | 22-10-01 | Xerox | Be |" name="When User clicks on Create this computer Button" time="0"/>
  <testcase classname="| Mac45321 | 13-12-10 | 22-10-01 | Xerox | Be |" name="Then Create computer should &quot;Be&quot; successful" time="0"/>
  <testcase classname="| Mac45321 | 13-12-10 | 22-10-01 | Xerox | Be |" name="| Mac45321 | 13-12-10 | 22-10-01 | Xerox | Be |" time="0.793"/>
  <testcase classname="|  | 2013-12-10 | 2017-10-01 | RCA | Not be |" name="Given Computer database portal is open" time="0"/>
  <testcase classname="|  | 2013-12-10 | 2017-10-01 | RCA | Not be |" name="When User clicks on Add a new computer button" time="0"/>
  <testcase classname="|  | 2013-12-10 | 2017-10-01 | RCA | Not be |" name="Then Add Computer page should be opened" time="0"/>
  <testcase classname="|  | 2013-12-10 | 2017-10-01 | RCA | Not be |" name="When User fills in &quot;&quot;" time="0"/>
  <testcase classname="|  | 2013-12-10 | 2017-10-01 | RCA | Not be |" name="And Introduced Date is entered as &quot;2013-12-10&quot;" time="0"/>
  <testcase classname="|  | 2013-12-10 | 2017-10-01 | RCA | Not be |" name="And Discontinued date is entered as &quot;2017-10-01&quot;" time="0"/>
  <testcase classname="|  | 2013-12-10 | 2017-10-01 | RCA | Not be |" name="And Company name is selected as &quot;RCA&quot;" time="0"/>
  <testcase classname="|  | 2013-12-10 | 2017-10-01 | RCA | Not be |" name="When User clicks on Create this computer Button" time="0"/>
  <testcase classname="|  | 2013-12-10 | 2017-10-01 | RCA | Not be |" name="Then Create computer should &quot;Not be&quot; successful" time="0"/>
  <testcase classname="|  | 2013-12-10 | 2017-10-01 | RCA | Not be |" name="|  | 2013-12-10 | 2017-10-01 | RCA | Not be |" time="0.761"/>
  <testcase classname="| Windows123 | 2013-12-10 | daskfdfj | RCA | Not be |" name="Given Computer database portal is open" time="0"/>
  <testcase classname="| Windows123 | 2013-12-10 | daskfdfj | RCA | Not be |" name="When User clicks on Add a new computer button" time="0"/>
  <testcase classname="| Windows123 | 2013-12-10 | daskfdfj | RCA | Not be |" name="Then Add Computer page should be opened" time="0"/>
  <testcase classname="| Windows123 | 2013-12-10 | daskfdfj | RCA | Not be |" name="When User fills in &quot;Windows123&quot;" time="0"/>
  <testcase classname="| Windows123 | 2013-12-10 | daskfdfj | RCA | Not be |" name="And Introduced Date is entered as &quot;2013-12-10&quot;" time="0"/>
  <testcase classname="| Windows123 | 2013-12-10 | daskfdfj | RCA | Not be |" name="And Discontinued date is entered as &quot;daskfdfj&quot;" time="0"/>
  <testcase classname="| Windows123 | 2013-12-10 | daskfdfj | RCA | Not be |" name="And Company name is selected as &quot;RCA&quot;" time="0"/>
  <testcase classname="| Windows123 | 2013-12-10 | daskfdfj | RCA | Not be |" name="When User clicks on Create this computer Button" time="0"/>
  <testcase classname="| Windows123 | 2013-12-10 | daskfdfj | RCA | Not be |" name="Then Create computer should &quot;Not be&quot; successful" time="0"/>
  <testcase classname="| Windows123 | 2013-12-10 | daskfdfj | RCA | Not be |" name="| Windows123 | 2013-12-10 | daskfdfj | RCA | Not be |" time="2.159"/>
  <testcase classname="| ACE | 2020-12-12 | 2027-10-01 | Xerox |" name="Given Computer database portal is open and atleast one computer details present on computer database portal" time="0"/>
  <testcase classname="| ACE | 2020-12-12 | 2027-10-01 | Xerox |" name="When user clicks on a &quot;ACE&quot;" time="0"/>
  <testcase classname="| ACE | 2020-12-12 | 2027-10-01 | Xerox |" name="And &quot;2020-12-12&quot;,&quot;2027-10-01&quot;, &quot;Xerox&quot;, are edited" time="0"/>
  <testcase classname="| ACE | 2020-12-12 | 2027-10-01 | Xerox |" name="Then the details of that computer should be updated" time="0"/>
  <testcase classname="| ACE | 2020-12-12 | 2027-10-01 | Xerox |" name="| ACE | 2020-12-12 | 2027-10-01 | Xerox |" time="1.532"/>
  <testcase classname="| AMSKLpnarava123 |" name="Given Computer database portal is open and atleast one computer details present on computer database portal" time="0"/>
  <testcase classname="| AMSKLpnarava123 |" name="When user clicks on a &quot;AMSKLpnarava123&quot;" time="0"/>
  <testcase classname="| AMSKLpnarava123 |" name="And user clicks on delete button" time="0"/>
  <testcase classname="| AMSKLpnarava123 |" name="Then deletion should be successful and home page is shown" time="0"/>
  <testcase classname="| AMSKLpnarava123 |" name="| AMSKLpnarava123 |" time="1.479"/>
  <testcase classname="| AMSKL | Success | AMSKL |" name="Given Computer database portal is open and atleast one computer details present on computer database portal" time="0"/>
  <testcase classname="| AMSKL | Success | AMSKL |" name="When Computer name is entered as &quot;AMSKL&quot;" time="0"/>
  <testcase classname="| AMSKL | Success | AMSKL |" name="And User clicks on fliterByName button" time="0"/>
  <testcase classname="| AMSKL | Success | AMSKL |" name="Then Filtering should &quot;Success&quot; and home page should display &quot;AMSKL&quot; list." time="0"/>
  <testcase classname="| AMSKL | Success | AMSKL |" name="| AMSKL | Success | AMSKL |" time="1.482"/>
</testsuite>